{"C:\\Users\\evgeniy\\Desktop\\vscode_projects\\algorithms-project-69\\src\\exact-search\\exactSearch.js": {"path":"C:\\Users\\evgeniy\\Desktop\\vscode_projects\\algorithms-project-69\\src\\exact-search\\exactSearch.js","all":false,"statementMap":{"0":{"start":{"line":1,"column":0},"end":{"line":1,"column":44}},"1":{"start":{"line":2,"column":0},"end":{"line":2,"column":23}},"2":{"start":{"line":3,"column":0},"end":{"line":3,"column":47}},"3":{"start":{"line":4,"column":0},"end":{"line":4,"column":0}},"4":{"start":{"line":5,"column":0},"end":{"line":5,"column":28}},"5":{"start":{"line":6,"column":0},"end":{"line":6,"column":40}},"6":{"start":{"line":7,"column":0},"end":{"line":7,"column":22}},"7":{"start":{"line":8,"column":0},"end":{"line":8,"column":0}},"8":{"start":{"line":9,"column":0},"end":{"line":9,"column":35}},"9":{"start":{"line":10,"column":0},"end":{"line":10,"column":20}},"10":{"start":{"line":11,"column":0},"end":{"line":11,"column":5}},"11":{"start":{"line":12,"column":0},"end":{"line":12,"column":5}},"12":{"start":{"line":13,"column":0},"end":{"line":13,"column":2}},"13":{"start":{"line":14,"column":0},"end":{"line":14,"column":0}},"14":{"start":{"line":15,"column":0},"end":{"line":15,"column":0}},"15":{"start":{"line":16,"column":0},"end":{"line":16,"column":29}}},"s":{"0":1,"1":4,"2":4,"3":4,"4":4,"5":5,"6":5,"7":5,"8":5,"9":4,"10":4,"11":4,"12":4,"13":1,"14":1,"15":1},"branchMap":{"0":{"type":"branch","line":1,"loc":{"start":{"line":1,"column":20},"end":{"line":13,"column":2}},"locations":[{"start":{"line":1,"column":20},"end":{"line":13,"column":2}}]},"1":{"type":"branch","line":5,"loc":{"start":{"line":5,"column":19},"end":{"line":12,"column":3}},"locations":[{"start":{"line":5,"column":19},"end":{"line":12,"column":3}}]},"2":{"type":"branch","line":9,"loc":{"start":{"line":9,"column":34},"end":{"line":11,"column":5}},"locations":[{"start":{"line":9,"column":34},"end":{"line":11,"column":5}}]}},"b":{"0":[4],"1":[5],"2":[4]},"fnMap":{"0":{"name":"exactSearch","decl":{"start":{"line":1,"column":20},"end":{"line":13,"column":2}},"loc":{"start":{"line":1,"column":20},"end":{"line":13,"column":2}},"line":1}},"f":{"0":4}}
}
