{"C:\\Users\\evgeniy\\Desktop\\vscode_projects\\algorithms-project-69\\src\\exact-search\\exactSearch.js": {"path":"C:\\Users\\evgeniy\\Desktop\\vscode_projects\\algorithms-project-69\\src\\exact-search\\exactSearch.js","all":false,"statementMap":{"0":{"start":{"line":1,"column":0},"end":{"line":1,"column":52}},"1":{"start":{"line":2,"column":0},"end":{"line":2,"column":60}},"2":{"start":{"line":3,"column":0},"end":{"line":3,"column":0}},"3":{"start":{"line":4,"column":0},"end":{"line":4,"column":44}},"4":{"start":{"line":5,"column":0},"end":{"line":5,"column":23}},"5":{"start":{"line":6,"column":0},"end":{"line":6,"column":47}},"6":{"start":{"line":7,"column":0},"end":{"line":7,"column":0}},"7":{"start":{"line":8,"column":0},"end":{"line":8,"column":45}},"8":{"start":{"line":9,"column":0},"end":{"line":9,"column":40}},"9":{"start":{"line":10,"column":0},"end":{"line":10,"column":0}},"10":{"start":{"line":11,"column":0},"end":{"line":11,"column":35}},"11":{"start":{"line":12,"column":0},"end":{"line":12,"column":55}},"12":{"start":{"line":13,"column":0},"end":{"line":13,"column":34}},"13":{"start":{"line":14,"column":0},"end":{"line":14,"column":5}},"14":{"start":{"line":15,"column":0},"end":{"line":15,"column":5}},"15":{"start":{"line":16,"column":0},"end":{"line":16,"column":43}},"16":{"start":{"line":17,"column":0},"end":{"line":17,"column":2}},"17":{"start":{"line":18,"column":0},"end":{"line":18,"column":0}},"18":{"start":{"line":19,"column":0},"end":{"line":19,"column":0}},"19":{"start":{"line":20,"column":0},"end":{"line":20,"column":29}}},"s":{"0":1,"1":1,"2":1,"3":1,"4":4,"5":4,"6":4,"7":4,"8":5,"9":5,"10":5,"11":4,"12":4,"13":4,"14":4,"15":4,"16":4,"17":1,"18":1,"19":1},"branchMap":{"0":{"type":"branch","line":4,"loc":{"start":{"line":4,"column":20},"end":{"line":17,"column":2}},"locations":[{"start":{"line":4,"column":20},"end":{"line":17,"column":2}}]},"1":{"type":"branch","line":8,"loc":{"start":{"line":8,"column":36},"end":{"line":15,"column":3}},"locations":[{"start":{"line":8,"column":36},"end":{"line":15,"column":3}}]},"2":{"type":"branch","line":11,"loc":{"start":{"line":11,"column":34},"end":{"line":14,"column":5}},"locations":[{"start":{"line":11,"column":34},"end":{"line":14,"column":5}}]}},"b":{"0":[4],"1":[5],"2":[4]},"fnMap":{"0":{"name":"exactSearch","decl":{"start":{"line":4,"column":20},"end":{"line":17,"column":2}},"loc":{"start":{"line":4,"column":20},"end":{"line":17,"column":2}},"line":4}},"f":{"0":4}}
,"C:\\Users\\evgeniy\\Desktop\\vscode_projects\\algorithms-project-69\\src\\lib\\matchCounter.js": {"path":"C:\\Users\\evgeniy\\Desktop\\vscode_projects\\algorithms-project-69\\src\\lib\\matchCounter.js","all":false,"statementMap":{"0":{"start":{"line":1,"column":0},"end":{"line":1,"column":46}},"1":{"start":{"line":2,"column":0},"end":{"line":2,"column":64}},"2":{"start":{"line":3,"column":0},"end":{"line":3,"column":30}},"3":{"start":{"line":4,"column":0},"end":{"line":4,"column":27}},"4":{"start":{"line":5,"column":0},"end":{"line":5,"column":3}},"5":{"start":{"line":6,"column":0},"end":{"line":6,"column":1}},"6":{"start":{"line":7,"column":0},"end":{"line":7,"column":0}},"7":{"start":{"line":8,"column":0},"end":{"line":8,"column":30}}},"s":{"0":1,"1":5,"2":5,"3":5,"4":5,"5":5,"6":1,"7":1},"branchMap":{"0":{"type":"branch","line":1,"loc":{"start":{"line":1,"column":21},"end":{"line":6,"column":1}},"locations":[{"start":{"line":1,"column":21},"end":{"line":6,"column":1}}]},"1":{"type":"branch","line":2,"loc":{"start":{"line":2,"column":33},"end":{"line":2,"column":62}},"locations":[{"start":{"line":2,"column":33},"end":{"line":2,"column":62}}]}},"b":{"0":[5],"1":[56]},"fnMap":{"0":{"name":"matchCounter","decl":{"start":{"line":1,"column":21},"end":{"line":6,"column":1}},"loc":{"start":{"line":1,"column":21},"end":{"line":6,"column":1}},"line":1}},"f":{"0":5}}
,"C:\\Users\\evgeniy\\Desktop\\vscode_projects\\algorithms-project-69\\src\\lib\\sortSearchResult.js": {"path":"C:\\Users\\evgeniy\\Desktop\\vscode_projects\\algorithms-project-69\\src\\lib\\sortSearchResult.js","all":false,"statementMap":{"0":{"start":{"line":1,"column":0},"end":{"line":1,"column":46}},"1":{"start":{"line":2,"column":0},"end":{"line":2,"column":67}},"2":{"start":{"line":3,"column":0},"end":{"line":3,"column":56}},"3":{"start":{"line":4,"column":0},"end":{"line":4,"column":55}},"4":{"start":{"line":5,"column":0},"end":{"line":5,"column":16}},"5":{"start":{"line":6,"column":0},"end":{"line":6,"column":1}},"6":{"start":{"line":7,"column":0},"end":{"line":7,"column":0}},"7":{"start":{"line":8,"column":0},"end":{"line":8,"column":34}}},"s":{"0":1,"1":4,"2":4,"3":4,"4":4,"5":4,"6":1,"7":1},"branchMap":{"0":{"type":"branch","line":1,"loc":{"start":{"line":1,"column":26},"end":{"line":6,"column":1}},"locations":[{"start":{"line":1,"column":26},"end":{"line":6,"column":1}}]},"1":{"type":"branch","line":2,"loc":{"start":{"line":2,"column":41},"end":{"line":2,"column":65}},"locations":[{"start":{"line":2,"column":41},"end":{"line":2,"column":65}}]},"2":{"type":"branch","line":3,"loc":{"start":{"line":3,"column":31},"end":{"line":3,"column":54}},"locations":[{"start":{"line":3,"column":31},"end":{"line":3,"column":54}}]},"3":{"type":"branch","line":4,"loc":{"start":{"line":4,"column":28},"end":{"line":4,"column":53}},"locations":[{"start":{"line":4,"column":28},"end":{"line":4,"column":53}}]}},"b":{"0":[4],"1":[5],"2":[1],"3":[4]},"fnMap":{"0":{"name":"sortSearchResult","decl":{"start":{"line":1,"column":26},"end":{"line":6,"column":1}},"loc":{"start":{"line":1,"column":26},"end":{"line":6,"column":1}},"line":1}},"f":{"0":4}}
}
