TN:
SF:src\helpers.js
FN:4,getRidOfSymbols
FN:9,getUnique
FN:11,getInvertedIndex
FN:26,calculateTF
FN:32,calculateIDF
FN:40,getTF
FN:44,findSumTFIDFbyDocId
FNF:7
FNH:7
FNDA:18,getRidOfSymbols
FNDA:5,getUnique
FNDA:5,getInvertedIndex
FNDA:25,calculateTF
FNDA:9,calculateIDF
FNDA:25,getTF
FNDA:13,findSumTFIDFbyDocId
DA:1,1
DA:2,1
DA:3,1
DA:4,1
DA:5,18
DA:6,18
DA:7,18
DA:8,1
DA:9,1
DA:10,1
DA:11,1
DA:12,5
DA:13,5
DA:14,5
DA:15,5
DA:16,5
DA:17,5
DA:18,5
DA:19,64
DA:20,64
DA:21,174
DA:22,64
DA:23,5
DA:24,5
DA:25,1
DA:26,1
DA:27,25
DA:28,25
DA:29,25
DA:30,25
DA:31,1
DA:32,1
DA:33,9
DA:34,9
DA:35,0
DA:36,0
DA:37,9
DA:38,9
DA:39,1
DA:40,1
DA:41,25
DA:42,1
DA:43,1
DA:44,1
DA:45,13
DA:46,25
DA:47,13
DA:48,1
DA:49,1
DA:50,1
DA:51,1
DA:52,1
DA:53,1
DA:54,1
DA:55,1
DA:56,1
DA:57,1
LF:57
LH:55
BRDA:4,0,0,18
BRDA:9,1,0,5
BRDA:11,2,0,5
BRDA:12,3,0,13
BRDA:16,4,0,13
BRDA:18,5,0,64
BRDA:20,6,0,174
BRDA:21,7,0,70
BRDA:21,8,0,104
BRDA:26,9,0,25
BRDA:27,10,0,10
BRDA:32,11,0,9
BRDA:33,12,0,0
BRDA:34,13,0,0
BRDA:40,14,0,25
BRDA:41,15,0,49
BRDA:44,16,0,13
BRDA:45,17,0,25
BRDA:46,18,0,49
BRF:19
BRH:17
end_of_record
TN:
SF:src\search.js
FN:14,search
FN:22,search
FNF:2
FNH:2
FNDA:5,search
FNDA:5,search
DA:1,1
DA:2,1
DA:3,1
DA:4,1
DA:5,1
DA:6,1
DA:7,1
DA:8,1
DA:9,1
DA:10,1
DA:11,1
DA:12,1
DA:13,1
DA:14,1
DA:15,5
DA:16,13
DA:17,13
DA:18,5
DA:19,5
DA:20,5
DA:21,5
DA:22,5
DA:23,5
DA:24,0
DA:25,0
DA:26,5
DA:27,5
DA:28,5
DA:29,5
DA:30,9
DA:31,9
DA:32,9
DA:33,9
DA:34,25
DA:35,9
DA:36,9
DA:37,5
DA:38,5
DA:39,5
DA:40,9
DA:41,9
DA:42,9
DA:43,9
DA:44,9
DA:45,5
DA:46,5
DA:47,5
DA:48,9
DA:49,9
DA:50,25
DA:51,9
DA:52,5
DA:53,5
DA:54,5
DA:55,13
DA:56,5
DA:57,5
DA:58,5
DA:59,5
DA:60,5
DA:61,5
DA:62,5
DA:63,5
DA:64,5
DA:65,1
DA:66,1
LF:66
LH:64
BRDA:14,0,0,5
BRDA:15,1,0,13
BRDA:22,2,0,5
BRDA:23,3,0,0
BRDA:29,4,0,9
BRDA:33,5,0,25
BRDA:39,6,0,9
BRDA:47,7,0,9
BRDA:49,8,0,25
BRDA:54,9,0,13
BRDA:59,10,0,13
BRDA:60,11,0,7
BRDA:61,12,0,10
BRF:13
BRH:12
end_of_record
