TN:
SF:src\exact-search\exactSearch.js
FN:4,exactSearch
FNF:1
FNH:1
FNDA:4,exactSearch
DA:1,1
DA:2,1
DA:3,1
DA:4,1
DA:5,4
DA:6,4
DA:7,4
DA:8,4
DA:9,5
DA:10,5
DA:11,5
DA:12,4
DA:13,4
DA:14,4
DA:15,4
DA:16,4
DA:17,4
DA:18,1
DA:19,1
DA:20,1
LF:20
LH:20
BRDA:4,0,0,4
BRDA:8,1,0,5
BRDA:11,2,0,4
BRF:3
BRH:3
end_of_record
TN:
SF:src\lib\matchCounter.js
FN:1,matchCounter
FNF:1
FNH:1
FNDA:5,matchCounter
DA:1,1
DA:2,5
DA:3,5
DA:4,5
DA:5,5
DA:6,5
DA:7,1
DA:8,1
LF:8
LH:8
BRDA:1,0,0,5
BRDA:2,1,0,56
BRF:2
BRH:2
end_of_record
TN:
SF:src\lib\sortSearchResult.js
FN:1,sortSearchResult
FNF:1
FNH:1
FNDA:4,sortSearchResult
DA:1,1
DA:2,4
DA:3,4
DA:4,4
DA:5,4
DA:6,4
DA:7,1
DA:8,1
LF:8
LH:8
BRDA:1,0,0,4
BRDA:2,1,0,5
BRDA:3,2,0,1
BRDA:4,3,0,4
BRF:4
BRH:4
end_of_record
